SF:lib/native_core_video_player_method_channel.dart
DA:12,1
DA:14,2
LF:2
LH:2
end_of_record
SF:lib/native_core_video_player_platform_interface.dart
DA:7,6
DA:9,6
DA:11,3
DA:16,2
DA:21,1
DA:22,2
DA:26,0
DA:27,0
LF:8
LH:6
end_of_record
SF:lib/src/video_state.dart
DA:23,6
DA:37,6
DA:38,6
DA:39,6
DA:41,3
DA:54,3
DA:55,3
DA:56,3
DA:57,3
DA:58,3
DA:59,3
DA:60,3
DA:61,3
DA:62,3
DA:63,3
DA:64,3
DA:65,3
DA:69,1
DA:71,4
LF:19
LH:19
end_of_record
SF:lib/src/video_controller.dart
DA:14,4
DA:16,4
DA:18,2
DA:19,3
DA:22,6
DA:26,2
DA:28,3
DA:31,1
DA:37,2
DA:38,6
DA:39,0
DA:40,0
DA:41,0
DA:43,0
DA:44,0
DA:45,0
DA:48,0
DA:54,0
DA:55,0
DA:57,0
DA:58,0
DA:61,0
DA:62,0
DA:63,0
DA:64,0
DA:65,0
DA:66,0
DA:67,0
DA:74,0
DA:75,0
DA:76,0
DA:77,0
DA:81,0
DA:82,0
DA:83,0
DA:84,0
DA:85,0
DA:86,0
DA:87,0
DA:92,0
DA:93,0
DA:94,0
DA:95,0
DA:96,0
DA:106,0
DA:108,0
DA:110,0
DA:112,0
DA:114,0
DA:116,0
DA:123,2
DA:124,2
DA:125,2
DA:128,2
DA:129,2
DA:130,2
DA:133,2
DA:134,2
DA:135,4
DA:136,2
DA:140,1
DA:141,1
DA:142,1
DA:143,2
DA:146,3
DA:149,1
DA:150,1
DA:151,2
DA:154,3
DA:157,1
DA:158,1
DA:159,2
DA:162,3
DA:165,2
DA:167,2
DA:168,2
DA:170,4
DA:171,2
DA:174,2
DA:176,3
DA:179,2
LF:81
LH:41
end_of_record
SF:lib/src/video_player_widget.dart
DA:11,1
DA:19,1
DA:21,1
DA:22,1
DA:23,1
DA:24,1
DA:25,1
DA:26,1
DA:27,1
DA:29,1
DA:32,1
DA:33,1
DA:42,3
DA:43,1
DA:49,2
DA:50,2
DA:51,2
DA:52,1
DA:54,1
DA:55,1
DA:57,1
DA:69,1
DA:75,1
DA:76,1
DA:82,1
DA:84,1
DA:85,1
DA:86,2
DA:87,2
DA:88,2
DA:92,1
DA:93,1
DA:94,3
DA:95,3
DA:96,1
DA:97,3
DA:108,1
DA:110,1
DA:112,1
DA:113,1
DA:114,1
DA:117,1
DA:118,1
DA:120,1
DA:124,1
DA:126,1
DA:127,1
DA:128,1
DA:129,1
DA:130,1
DA:131,1
DA:132,1
DA:134,1
DA:135,1
DA:136,1
DA:137,2
DA:140,1
DA:141,1
DA:142,3
DA:143,3
DA:144,2
DA:146,1
DA:147,1
DA:149,4
DA:151,2
DA:155,1
DA:156,2
DA:162,1
DA:164,1
DA:165,1
DA:167,1
DA:168,2
DA:169,2
DA:170,1
DA:174,1
DA:175,1
DA:176,1
DA:180,1
DA:181,1
DA:182,2
DA:184,2
DA:188,1
DA:190,1
DA:191,2
DA:192,2
DA:193,2
DA:194,1
DA:211,1
DA:212,1
DA:213,2
DA:214,2
DA:216,1
DA:217,7
DA:219,5
LF:94
LH:94
end_of_record
